#
# There is insufficient memory for the Java Runtime Environment to continue.
# Native memory allocation (mmap) failed to map 134217728 bytes for Failed to commit area from 0x0000000081c00000 to 0x0000000089c00000 of length 134217728.
# Possible reasons:
#   The system is out of physical RAM or swap space
#   The process is running with CompressedOops enabled, and the Java Heap may be blocking the growth of the native heap
# Possible solutions:
#   Reduce memory load on the system
#   Increase physical memory or swap space
#   Check if swap backing store is full
#   Decrease Java heap size (-Xmx/-Xms)
#   Decrease number of Java threads
#   Decrease Java thread stack sizes (-Xss)
#   Set larger code cache with -XX:ReservedCodeCacheSize=
# This output file may be truncated or incomplete.
#
#  Out of Memory Error (./src/hotspot/os/windows/os_windows.cpp:3521), pid=10968, tid=2764
#
# JRE version:  (11.0.12+7) (build )
# Java VM: OpenJDK 64-Bit Server VM (11.0.12+7-b1504.28, mixed mode, sharing, tiered, compressed oops, g1 gc, windows-amd64)
# No core dump will be written. Minidumps are not enabled by default on client versions of Windows
#

---------------  S U M M A R Y ------------

Command Line: git4idea.http.GitAskPassApp Username for 'https://github.com': 

Host: Intel(R) Celeron(R) CPU  N2940  @ 1.83GHz, 4 cores, 7G,  Windows 10 , 64 bit Build 19041 (10.0.19041.1566)
Time: Fri May 13 23:51:57 2022 RTZ 2 (зима) elapsed time: 0.040446 seconds (0d 0h 0m 0s)

---------------  T H R E A D  ---------------

Current thread (0x000002034e78a000):  JavaThread "Unknown thread" [_thread_in_vm, id=2764, stack(0x0000001746300000,0x0000001746400000)]

Stack: [0x0000001746300000,0x0000001746400000]
Native frames: (J=compiled Java code, j=interpreted, Vv=VM code, C=native code)
V  [jvm.dll+0x5ff40a]
V  [jvm.dll+0x783b65]
V  [jvm.dll+0x78517d]
V  [jvm.dll+0x785833]
V  [jvm.dll+0x249408]
V  [jvm.dll+0x5fc7f4]
V  [jvm.dll+0x5f13c5]
V  [jvm.dll+0x3076bb]
V  [jvm.dll+0x30762a]
V  [jvm.dll+0x307502]
V  [jvm.dll+0x30c466]
V  [jvm.dll+0x355543]
V  [jvm.dll+0x355c46]
V  [jvm.dll+0x355643]
V  [jvm.dll+0x2e2018]
V  [jvm.dll+0x2e31c7]
V  [jvm.dll+0x761f57]
V  [jvm.dll+0x76374c]
V  [jvm.dll+0x362ab9]
V  [jvm.dll+0x7455be]
V  [jvm.dll+0x3cb673]
V  [jvm.dll+0x3cda21]
C  [jli.dll+0x536b]
C  [ucrtbase.dll+0x21bb2]
C  [KERNEL32.DLL+0x17034]
C  [ntdll.dll+0x52651]


---------------  P R O C E S S  ---------------

Threads class SMR info:
_java_thread_list=0x000002034cd1e520, length=0, elements={
}

Java Threads: ( => current thread )

Other Threads:
  0x000002034e7a3800 GCTaskThread "GC Thread#0" [stack: 0x0000001746400000,0x0000001746500000] [id=4240]
  0x000002034e7d2800 ConcurrentGCThread "G1 Main Marker" [stack: 0x0000001746500000,0x0000001746600000] [id=4884]
  0x000002034e7d4000 ConcurrentGCThread "G1 Conc#0" [stack: 0x0000001746600000,0x0000001746700000] [id=11740]

[error occurred during error reporting (printing all threads), id 0xc0000005, EXCEPTION_ACCESS_VIOLATION (0xc0000005) at pc=0x00007ffb60cb27a7]

VM state:not at safepoint (not fully initialized)

VM Mutex/Monitor currently owned by a thread:  ([mutex/lock_event])
[0x000002034e786790] Heap_lock - owner thread: 0x000002034e78a000

Heap address: 0x0000000081c00000, size: 2020 MB, Compressed Oops mode: Non-zero based: 0x0000000081c00000
Narrow klass base: 0x0000000000000000, Narrow klass shift: 0

GC Heap History (0 events):
No events

Deoptimization events (0 events):
No events

Classes redefined (0 events):
No events

Internal exceptions (0 events):
No events

Events (1 events):
Event: 0.021 Loaded shared library C:\Program Files\JetBrains\WebStorm 2020.2.3\jbr\bin\zip.dll


Dynamic libraries:
0x00007ff770310000 - 0x00007ff77031a000 	C:\Program Files\JetBrains\WebStorm 2020.2.3\jbr\bin\java.exe
0x00007ffb87c70000 - 0x00007ffb87e65000 	C:\WINDOWS\SYSTEM32\ntdll.dll
0x00007ffb86ca0000 - 0x00007ffb86d5e000 	C:\WINDOWS\System32\KERNEL32.DLL
0x00007ffb858c0000 - 0x00007ffb85b88000 	C:\WINDOWS\System32\KERNELBASE.dll
0x00007ffb855f0000 - 0x00007ffb856f0000 	C:\WINDOWS\System32\ucrtbase.dll
0x00007ffb7ffe0000 - 0x00007ffb7fff9000 	C:\Program Files\JetBrains\WebStorm 2020.2.3\jbr\bin\jli.dll
0x00007ffb85f30000 - 0x00007ffb860d0000 	C:\WINDOWS\System32\USER32.dll
0x00007ffb85ca0000 - 0x00007ffb85cc2000 	C:\WINDOWS\System32\win32u.dll
0x00007ffb867e0000 - 0x00007ffb8680b000 	C:\WINDOWS\System32\GDI32.dll
0x00007ffb85b90000 - 0x00007ffb85c9b000 	C:\WINDOWS\System32\gdi32full.dll
0x00007ffb85500000 - 0x00007ffb8559d000 	C:\WINDOWS\System32\msvcp_win.dll
0x00007ffb6a5b0000 - 0x00007ffb6a5c7000 	C:\Program Files\JetBrains\WebStorm 2020.2.3\jbr\bin\VCRUNTIME140.dll
0x00007ffb738f0000 - 0x00007ffb73b8a000 	C:\WINDOWS\WinSxS\amd64_microsoft.windows.common-controls_6595b64144ccf1df_6.0.19041.1110_none_60b5254171f9507e\COMCTL32.dll
0x00007ffb863e0000 - 0x00007ffb8647e000 	C:\WINDOWS\System32\msvcrt.dll
0x00007ffb86280000 - 0x00007ffb862b0000 	C:\WINDOWS\System32\IMM32.DLL
0x00007ffb54110000 - 0x00007ffb541ad000 	C:\Program Files\JetBrains\WebStorm 2020.2.3\jbr\bin\msvcp140.dll
0x00007ffb609c0000 - 0x00007ffb61518000 	C:\Program Files\JetBrains\WebStorm 2020.2.3\jbr\bin\server\jvm.dll
0x00007ffb85dd0000 - 0x00007ffb85e7e000 	C:\WINDOWS\System32\ADVAPI32.dll
0x00007ffb86d70000 - 0x00007ffb86e0c000 	C:\WINDOWS\System32\sechost.dll
0x00007ffb862b0000 - 0x00007ffb863d5000 	C:\WINDOWS\System32\RPCRT4.dll
0x00007ffb86d60000 - 0x00007ffb86d68000 	C:\WINDOWS\System32\PSAPI.DLL
0x00007ffb80090000 - 0x00007ffb80099000 	C:\WINDOWS\SYSTEM32\WSOCK32.dll
0x00007ffb86870000 - 0x00007ffb868db000 	C:\WINDOWS\System32\WS2_32.dll
0x00007ffb73e10000 - 0x00007ffb73e37000 	C:\WINDOWS\SYSTEM32\WINMM.dll
0x00007ffb754c0000 - 0x00007ffb754ca000 	C:\WINDOWS\SYSTEM32\VERSION.dll
0x00007ffb83280000 - 0x00007ffb83292000 	C:\WINDOWS\SYSTEM32\kernel.appcore.dll
0x00007ffb80070000 - 0x00007ffb80081000 	C:\Program Files\JetBrains\WebStorm 2020.2.3\jbr\bin\verify.dll
0x00007ffb743e0000 - 0x00007ffb745c4000 	C:\WINDOWS\SYSTEM32\DBGHELP.DLL
0x00007ffb73ef0000 - 0x00007ffb73f1c000 	C:\WINDOWS\SYSTEM32\dbgcore.DLL
0x00007ffb853c0000 - 0x00007ffb85442000 	C:\WINDOWS\System32\bcryptPrimitives.dll
0x00007ffb80020000 - 0x00007ffb80049000 	C:\Program Files\JetBrains\WebStorm 2020.2.3\jbr\bin\java.dll
0x00007ffb80010000 - 0x00007ffb8001b000 	C:\Program Files\JetBrains\WebStorm 2020.2.3\jbr\bin\jimage.dll
0x00007ffb7fc90000 - 0x00007ffb7fca8000 	C:\Program Files\JetBrains\WebStorm 2020.2.3\jbr\bin\zip.dll

dbghelp: loaded successfully - version: 4.0.5 - missing functions: none
symbol engine: initialized successfully - sym options: 0x614 - pdb path: .;C:\Program Files\JetBrains\WebStorm 2020.2.3\jbr\bin;C:\WINDOWS\SYSTEM32;C:\WINDOWS\WinSxS\amd64_microsoft.windows.common-controls_6595b64144ccf1df_6.0.19041.1110_none_60b5254171f9507e;C:\Program Files\JetBrains\WebStorm 2020.2.3\jbr\bin\server

VM Arguments:
java_command: git4idea.http.GitAskPassApp Username for 'https://github.com': 
java_class_path (initial): C:/Program Files/JetBrains/WebStorm 2020.2.3/plugins/git4idea/lib/git4idea-rt.jar;C:/Program Files/JetBrains/WebStorm 2020.2.3/lib/3rd-party.jar
Launcher Type: SUN_STANDARD

[Global flags]
     intx CICompilerCount                          = 3                                         {product} {ergonomic}
     uint ConcGCThreads                            = 1                                         {product} {ergonomic}
     uint G1ConcRefinementThreads                  = 4                                         {product} {ergonomic}
   size_t G1HeapRegionSize                         = 1048576                                   {product} {ergonomic}
    uintx GCDrainStackTargetSize                   = 64                                        {product} {ergonomic}
   size_t InitialHeapSize                          = 134217728                                 {product} {ergonomic}
   size_t MarkStackSize                            = 4194304                                   {product} {ergonomic}
   size_t MaxHeapSize                              = 2118123520                                {product} {ergonomic}
   size_t MinHeapDeltaBytes                        = 1048576                                   {product} {ergonomic}
    uintx NonNMethodCodeHeapSize                   = 5830732                                {pd product} {ergonomic}
    uintx NonProfiledCodeHeapSize                  = 122913754                              {pd product} {ergonomic}
    uintx ProfiledCodeHeapSize                     = 122913754                              {pd product} {ergonomic}
    uintx ReservedCodeCacheSize                    = 251658240                              {pd product} {ergonomic}
     bool SegmentedCodeCache                       = true                                      {product} {ergonomic}
     bool UseCompressedClassPointers               = true                                 {lp64_product} {ergonomic}
     bool UseCompressedOops                        = true                                 {lp64_product} {ergonomic}
     bool UseG1GC                                  = true                                      {product} {ergonomic}
     bool UseLargePagesIndividualAllocation        = false                                  {pd product} {ergonomic}

Logging:
Log output configuration:
 #0: stdout all=warning uptime,level,tags
 #1: stderr all=off uptime,level,tags

Environment Variables:
PATH=C:/Program Files/Git/mingw64/libexec/git-core;C:/Program Files/Git/mingw64/libexec/git-core;C:\Program Files\Git\mingw64\bin;C:\Program Files\Git\usr\bin;C:\Users\kvs\bin;C:\WINDOWS\system32;C:\WINDOWS;C:\WINDOWS\System32\Wbem;C:\WINDOWS\System32\WindowsPowerShell\v1.0\;C:\Program Files\Git\cmd;C:\WINDOWS\System32\OpenSSH\;C:\Program Files\nodejs\;C:\Users\kvs\AppData\Local\Microsoft\WindowsApps;C:\Users\kvs\AppData\Local\GitHubDesktop\bin;C:\Users\kvs\AppData\Roaming\npm;C:\Program Files\heroku\bin
USERNAME=kvs
DISPLAY=:0.0
LC_ALL=en_US.UTF-8
OS=Windows_NT
PROCESSOR_IDENTIFIER=Intel64 Family 6 Model 55 Stepping 8, GenuineIntel



---------------  S Y S T E M  ---------------

OS: Windows 10 , 64 bit Build 19041 (10.0.19041.1566)
OS uptime: 9 days 4:12 hours

CPU:total 4 (initial active 4) (4 cores per cpu, 1 threads per core) family 6 model 55 stepping 8 microcode 0x838, cmov, cx8, fxsr, mmx, sse, sse2, sse3, ssse3, sse4.1, sse4.2, popcnt, clmul, erms, 3dnowpref, tsc, tscinvbit

Memory: 4k page, system-wide physical 8078M (585M free)
TotalPageFile size 8078M (AvailPageFile size 3M)
current process WorkingSet (physical memory assigned to process): 9M, peak: 9M
current process commit charge ("private bytes"): 51M, peak: 179M

vm_info: OpenJDK 64-Bit Server VM (11.0.12+7-b1504.28) for windows-amd64 JRE (11.0.12+7-b1504.28), built on Sep  3 2021 08:39:15 by "" with MS VC++ 14.0 (VS2015)

END.
